Build started 7/14/2018 5:04:15 PM.
     1>Project "C:\Users\EluterUser\Documents\git-repos\imager-robot\Imager-Robot\Imager-Robot.vcxproj" on node 2 (Build target(s)).
     1>ClCompile:
         C:\Program Files (x86)\Microsoft Visual Studio 12.0\VC\bin\x86_amd64\CL.exe /c /AI"C:\Program Files (x86)\Reference Assemblies\Microsoft\Framework\.NETFramework\v4.5\\" /AI"C:\Program Files (x86)\Windows Kits\8.1\References\CommonConfiguration\Neutral" /AI"C:\Program Files (x86)\Reference Assemblies\Microsoft\Framework\.NETFramework\v4.5\Facades\\" /Zi /clr /nologo /W3 /WX- /Od /D WIN32 /D _DEBUG /D _UNICODE /D UNICODE /EHa /MDd /GS /fp:precise /Zc:wchar_t /Zc:forScope /Fo"x64\Debug\\" /Fd"x64\Debug\vc120.pdb" /TP /FU"C:\Program Files (x86)\Reference Assemblies\Microsoft\Framework\.NETFramework\v4.5\mscorlib.dll" /FU"C:\Program Files (x86)\Reference Assemblies\Microsoft\Framework\.NETFramework\v4.5\System.Data.dll" /FU"C:\Program Files (x86)\Reference Assemblies\Microsoft\Framework\.NETFramework\v4.5\System.dll" /FU"C:\Program Files (x86)\Reference Assemblies\Microsoft\Framework\.NETFramework\v4.5\System.Drawing.dll" /FU"C:\Program Files (x86)\Reference Assemblies\Microsoft\Framework\.NETFramework\v4.5\System.Windows.Forms.dll" /FU"C:\Program Files (x86)\Reference Assemblies\Microsoft\Framework\.NETFramework\v4.5\System.Xml.dll" /errorReport:prompt /clr:nostdlib ImgAcquire.cpp
         ImgAcquire.cpp
     1>ImgAcquire.cpp(10): warning C4996: 'pl_cam_get_diags': was declared deprecated
                 c:\users\eluteruser\documents\git-repos\imager-robot\imager-robot\pvcam.h(1631) : see declaration of 'pl_cam_get_diags'
     1>ImgAcquire.cpp(23): warning C4996: 'pl_exp_init_seq': was declared deprecated
                 c:\users\eluteruser\documents\git-repos\imager-robot\imager-robot\pvcam.h(1444) : see declaration of 'pl_exp_init_seq'
     1>c:\opencv\build\include\opencv2\core\cvstd.hpp(596): warning C4793: 'cv::String::String' : function compiled as native :
         	Found an intrinsic not supported in managed code
     1>c:\opencv\build\include\opencv2\core\cuda.inl.hpp(105): warning C4793: 'cv::cuda::GpuMat::GpuMat' : function compiled as native :
         	Found an intrinsic not supported in managed code
     1>c:\opencv\build\include\opencv2\core\cuda.inl.hpp(395): warning C4793: 'cv::cuda::HostMem::HostMem' : function compiled as native :
         	Found an intrinsic not supported in managed code
     1>c:\opencv\build\include\opencv2\core\mat.inl.hpp(413): warning C4793: 'cv::Mat::Mat' : function compiled as native :
         	Found an intrinsic not supported in managed code
     1>c:\opencv\build\include\opencv2\core\mat.inl.hpp(703): warning C4793: 'cv::Mat::release' : function compiled as native :
         	Found an intrinsic not supported in managed code
     1>c:\opencv\build\include\opencv2\core\mat.inl.hpp(1929): warning C4793: 'cv::SparseMat::addref' : function compiled as native :
         	Found an intrinsic not supported in managed code
     1>c:\opencv\build\include\opencv2\core\mat.inl.hpp(3530): warning C4793: 'cv::UMat::addref' : function compiled as native :
         	Found an intrinsic not supported in managed code
     1>c:\opencv\build\include\opencv2\core\ptr.inl.hpp(67): warning C4793: 'cv::detail::PtrOwner::incRef' : function compiled as native :
         	Found an intrinsic not supported in managed code
     1>c:\opencv\build\include\opencv2\core\ptr.inl.hpp(72): warning C4793: 'cv::detail::PtrOwner::decRef' : function compiled as native :
         	Found an intrinsic not supported in managed code
     1>c:\opencv\build\include\opencv2\core\cvstd.hpp(673): warning C4793: 'cv::String::operator=' : function compiled as native :
         	Found an intrinsic not supported in managed code
       Link:
         C:\Program Files (x86)\Microsoft Visual Studio 12.0\VC\bin\x86_amd64\link.exe /ERRORREPORT:PROMPT /OUT:"C:\Users\EluterUser\Documents\git-repos\imager-robot\x64\Debug\Imager-Robot.exe" /INCREMENTAL /NOLOGO C:\opencv\build\x64\vc12\lib\opencv_world300.lib C:\opencv\build\x64\vc12\lib\opencv_world300d.lib pvcam64.lib pvcam_helper_color.lib kernel32.lib user32.lib gdi32.lib winspool.lib comdlg32.lib advapi32.lib shell32.lib ole32.lib oleaut32.lib uuid.lib odbc32.lib odbccp32.lib /ASSEMBLYRESOURCE:x64\Debug\ImagerRobot.MyForm.resources /MANIFEST /MANIFESTUAC:"level='asInvoker' uiAccess='false'" /manifest:embed /DEBUG /PDB:"C:\Users\EluterUser\Documents\git-repos\imager-robot\x64\Debug\Imager-Robot.pdb" /ASSEMBLYDEBUG /SUBSYSTEM:WINDOWS /TLBID:1 /ENTRY:"main" /DYNAMICBASE /FIXED:NO /NXCOMPAT /MACHINE:X64 x64\Debug\Draw.obj
         x64\Debug\ImgAcquire.obj
         x64\Debug\MyForm.obj
         x64\Debug\SpotList.obj
         x64\Debug\StrConvert.obj
         "x64\Debug\.NETFramework,Version=v4.5.AssemblyAttributes.obj"
         Imager-Robot.vcxproj -> C:\Users\EluterUser\Documents\git-repos\imager-robot\x64\Debug\Imager-Robot.exe
     1>Done Building Project "C:\Users\EluterUser\Documents\git-repos\imager-robot\Imager-Robot\Imager-Robot.vcxproj" (Build target(s)).

Build succeeded.

Time Elapsed 00:00:03.61
